[32m2025-12-21 15:37:13 -0500[0m - dagster - [34mDEBUG[0m - dbt_job - 8f23a66f-66dc-4ca5-ad78-abc48c06354d - 60065 - LOGS_CAPTURED - Started capturing logs in process (pid: 60065).
[32m2025-12-21 15:37:13 -0500[0m - dagster - [34mDEBUG[0m - dbt_job - 8f23a66f-66dc-4ca5-ad78-abc48c06354d - 60065 - run_dbt_build - STEP_START - Started execution of step "run_dbt_build".
[32m2025-12-21 15:37:13 -0500[0m - dagster - [34mINFO[0m - dbt_job - 8f23a66f-66dc-4ca5-ad78-abc48c06354d - run_dbt_build - repo_root=/Users/jamaalsmith/stockapi-analytics-platform
[32m2025-12-21 15:37:13 -0500[0m - dagster - [34mINFO[0m - dbt_job - 8f23a66f-66dc-4ca5-ad78-abc48c06354d - run_dbt_build - DBT_PROJECT_DIR=/Users/jamaalsmith/stockapi-analytics-platform/dbt/dbt_stockmarketproject
[32m2025-12-21 15:37:13 -0500[0m - dagster - [34mINFO[0m - dbt_job - 8f23a66f-66dc-4ca5-ad78-abc48c06354d - run_dbt_build - DBT_PROFILES_DIR=/Users/jamaalsmith/.dbt
[32m2025-12-21 15:37:13 -0500[0m - dagster - [34mINFO[0m - dbt_job - 8f23a66f-66dc-4ca5-ad78-abc48c06354d - run_dbt_build - DBT_BIN=/Users/jamaalsmith/dagster_stock_pipeline/dagster-env/bin/dbt
[32m2025-12-21 15:37:13 -0500[0m - dagster - [34mINFO[0m - dbt_job - 8f23a66f-66dc-4ca5-ad78-abc48c06354d - run_dbt_build - Running command: /Users/jamaalsmith/dagster_stock_pipeline/dagster-env/bin/dbt deps
[32m2025-12-21 15:37:14 -0500[0m - dagster - [34mINFO[0m - dbt_job - 8f23a66f-66dc-4ca5-ad78-abc48c06354d - run_dbt_build - [0m20:37:13  Running with dbt=1.10.17
[0m20:37:14  Installing dbt-labs/dbt_utils
[0m20:37:14  Installed from version 1.3.2
[0m20:37:14  Updated version available: 1.3.3
[0m20:37:14  
[0m20:37:14  Updates available for packages: ['dbt-labs/dbt_utils']                 
Update your versions in packages.yml, then run dbt deps

[32m2025-12-21 15:37:14 -0500[0m - dagster - [34mINFO[0m - dbt_job - 8f23a66f-66dc-4ca5-ad78-abc48c06354d - run_dbt_build - Running command: /Users/jamaalsmith/dagster_stock_pipeline/dagster-env/bin/dbt build
[32m2025-12-21 15:37:27 -0500[0m - dagster - [34mINFO[0m - dbt_job - 8f23a66f-66dc-4ca5-ad78-abc48c06354d - run_dbt_build - [0m20:37:15  Running with dbt=1.10.17
[0m20:37:15  Registered adapter: snowflake=1.10.6
[0m20:37:15  Found 20 models, 17 data tests, 2 sources, 624 macros
[0m20:37:15  
[0m20:37:15  Concurrency: 16 threads (target='dev')
[0m20:37:15  
[0m20:37:16  1 of 37 START test dbt_utils_source_accepted_range_stock_data_stock_price_data_raw_CLOSE__0  [RUN]
[0m20:37:16  2 of 37 START test dbt_utils_source_accepted_range_stock_data_stock_price_data_raw_VOLUME__0  [RUN]
[0m20:37:16  3 of 37 START test source_not_null_stock_data_company_overview_json_raw_LOAD_TIME  [RUN]
[0m20:37:16  4 of 37 START test source_not_null_stock_data_stock_price_data_raw_DATE ........ [RUN]
[0m20:37:16  5 of 37 START test source_not_null_stock_data_stock_price_data_raw_TICKER ...... [RUN]
[0m20:37:17  2 of 37 PASS dbt_utils_source_accepted_range_stock_data_stock_price_data_raw_VOLUME__0  [[32mPASS[0m in 0.20s]
[0m20:37:17  1 of 37 PASS dbt_utils_source_accepted_range_stock_data_stock_price_data_raw_CLOSE__0  [[32mPASS[0m in 0.22s]
[0m20:37:17  3 of 37 PASS source_not_null_stock_data_company_overview_json_raw_LOAD_TIME .... [[32mPASS[0m in 0.25s]
[0m20:37:17  6 of 37 START sql view model STAGING_STAGING.stg_stockoverview ................. [RUN]
[0m20:37:17  5 of 37 PASS source_not_null_stock_data_stock_price_data_raw_TICKER ............ [[32mPASS[0m in 0.52s]
[0m20:37:17  4 of 37 PASS source_not_null_stock_data_stock_price_data_raw_DATE .............. [[32mPASS[0m in 0.61s]
[0m20:37:17  7 of 37 START sql incremental model STAGING_STAGING.stg_stockpricedata ......... [RUN]
[0m20:37:17  6 of 37 OK created sql view model STAGING_STAGING.stg_stockoverview ............ [[32mSUCCESS 1[0m in 0.49s]
[0m20:37:17  8 of 37 START sql table model STAGING_ANALYTICS.dim_company .................... [RUN]
[0m20:37:17  9 of 37 START sql incremental model STAGING_INTERMEDIATE.int_fundamentals ...... [RUN]
[0m20:37:17  10 of 37 START sql view model STAGING_INTERMEDIATE.int_growth_factors .......... [RUN]
[0m20:37:17  11 of 37 START sql table model STAGING_INTERMEDIATE.int_sectors ................ [RUN]
[0m20:37:17  12 of 37 START sql view model STAGING_INTERMEDIATE.int_stock_overview .......... [RUN]
[0m20:37:18  12 of 37 OK created sql view model STAGING_INTERMEDIATE.int_stock_overview ..... [[32mSUCCESS 1[0m in 0.74s]
[0m20:37:18  10 of 37 OK created sql view model STAGING_INTERMEDIATE.int_growth_factors ..... [[32mSUCCESS 1[0m in 0.75s]
[0m20:37:18  8 of 37 OK created sql table model STAGING_ANALYTICS.dim_company ............... [[32mSUCCESS 1[0m in 1.04s]
[0m20:37:18  11 of 37 OK created sql table model STAGING_INTERMEDIATE.int_sectors ........... [[32mSUCCESS 1[0m in 1.21s]
[0m20:37:19  7 of 37 OK created sql incremental model STAGING_STAGING.stg_stockpricedata .... [[32mSUCCESS 0[0m in 1.50s]
[0m20:37:19  13 of 37 START test dbt_utils_accepted_range_stg_stockpricedata_close_price__1000000000__0  [RUN]
[0m20:37:19  14 of 37 START test dbt_utils_accepted_range_stg_stockpricedata_volume__0 ...... [RUN]
[0m20:37:19  15 of 37 START test dbt_utils_recency_stg_stockpricedata_day__trading_date__90 . [RUN]
[0m20:37:19  16 of 37 START test not_null_stg_stockpricedata_ticker ......................... [RUN]
[0m20:37:19  17 of 37 START test not_null_stg_stockpricedata_trading_date ................... [RUN]
[0m20:37:19  14 of 37 PASS dbt_utils_accepted_range_stg_stockpricedata_volume__0 ............ [[32mPASS[0m in 0.17s]
[0m20:37:19  16 of 37 PASS not_null_stg_stockpricedata_ticker ............................... [[32mPASS[0m in 0.17s]
[0m20:37:19  15 of 37 PASS dbt_utils_recency_stg_stockpricedata_day__trading_date__90 ....... [[32mPASS[0m in 0.20s]
[0m20:37:19  9 of 37 OK created sql incremental model STAGING_INTERMEDIATE.int_fundamentals . [[32mSUCCESS 500[0m in 1.84s]
[0m20:37:19  13 of 37 PASS dbt_utils_accepted_range_stg_stockpricedata_close_price__1000000000__0  [[32mPASS[0m in 0.46s]
[0m20:37:19  17 of 37 PASS not_null_stg_stockpricedata_trading_date ......................... [[32mPASS[0m in 0.46s]
[0m20:37:19  18 of 37 START sql table model STAGING_INTERMEDIATE.int_company_fundamentals ... [RUN]
[0m20:37:19  19 of 37 START sql table model STAGING_INTERMEDIATE.int_price_momentum ......... [RUN]
[0m20:37:19  20 of 37 START sql table model STAGING_INTERMEDIATE.int_stock_daily_price ...... [RUN]
[0m20:37:19  21 of 37 START sql table model STAGING_INTERMEDIATE.int_stock_stats ............ [RUN]
[0m20:37:19  22 of 37 START sql view model STAGING_ANALYTICS.mart_dividend_dashboard ........ [RUN]
[0m20:37:19  22 of 37 OK created sql view model STAGING_ANALYTICS.mart_dividend_dashboard ... [[32mSUCCESS 1[0m in 0.31s]
[0m20:37:21  18 of 37 OK created sql table model STAGING_INTERMEDIATE.int_company_fundamentals  [[32mSUCCESS 1[0m in 1.61s]
[0m20:37:21  23 of 37 START sql view model STAGING_ANALYTICS.mart_valuation_summary ......... [RUN]
[0m20:37:21  23 of 37 OK created sql view model STAGING_ANALYTICS.mart_valuation_summary .... [[32mSUCCESS 1[0m in 0.20s]
[0m20:37:22  21 of 37 OK created sql table model STAGING_INTERMEDIATE.int_stock_stats ....... [[32mSUCCESS 1[0m in 3.04s]
[0m20:37:22  24 of 37 START sql table model STAGING_INTERMEDIATE.int_quality_factors ........ [RUN]
[0m20:37:22  19 of 37 OK created sql table model STAGING_INTERMEDIATE.int_price_momentum .... [[32mSUCCESS 1[0m in 3.04s]
[0m20:37:22  25 of 37 START test not_null_int_price_momentum_ticker ......................... [RUN]
[0m20:37:22  25 of 37 PASS not_null_int_price_momentum_ticker ............................... [[32mPASS[0m in 0.19s]
[0m20:37:22  26 of 37 START sql incremental model STAGING_ANALYTICS.fct_price_metrics ....... [RUN]
[0m20:37:22  27 of 37 START sql view model STAGING_ANALYTICS.mart_price_history_enriched .... [RUN]
[0m20:37:22  20 of 37 OK created sql table model STAGING_INTERMEDIATE.int_stock_daily_price . [[32mSUCCESS 1[0m in 3.37s]
[0m20:37:23  27 of 37 OK created sql view model STAGING_ANALYTICS.mart_price_history_enriched  [[32mSUCCESS 1[0m in 0.25s]
[0m20:37:23  26 of 37 OK created sql incremental model STAGING_ANALYTICS.fct_price_metrics .. [[32mSUCCESS 0[0m in 1.02s]
[0m20:37:23  28 of 37 START sql view model STAGING_ANALYTICS.mart_company_master ............ [RUN]
[0m20:37:24  28 of 37 OK created sql view model STAGING_ANALYTICS.mart_company_master ....... [[32mSUCCESS 1[0m in 0.22s]
[0m20:37:24  29 of 37 START test dbt_utils_accepted_range_mart_company_master_blended_growth_score__100___100  [RUN]
[0m20:37:24  30 of 37 START test not_null_mart_company_master_sector ........................ [RUN]
[0m20:37:24  31 of 37 START test not_null_mart_company_master_ticker ........................ [RUN]
[0m20:37:24  32 of 37 START test unique_mart_company_master_ticker .......................... [RUN]
[0m20:37:24  30 of 37 PASS not_null_mart_company_master_sector .............................. [[32mPASS[0m in 0.39s]
[0m20:37:24  31 of 37 PASS not_null_mart_company_master_ticker .............................. [[32mPASS[0m in 0.47s]
[0m20:37:24  29 of 37 PASS dbt_utils_accepted_range_mart_company_master_blended_growth_score__100___100  [[32mPASS[0m in 0.48s]
[0m20:37:24  32 of 37 PASS unique_mart_company_master_ticker ................................ [[32mPASS[0m in 0.80s]
[0m20:37:24  33 of 37 START sql view model STAGING_ANALYTICS.mart_factor_model .............. [RUN]
[0m20:37:24  34 of 37 START sql view model STAGING_ANALYTICS.mart_sector_summary ............ [RUN]
[0m20:37:24  35 of 37 START sql view model STAGING_ANALYTICS.mart_top_stocks ................ [RUN]
[0m20:37:25  35 of 37 OK created sql view model STAGING_ANALYTICS.mart_top_stocks ........... [[32mSUCCESS 1[0m in 0.25s]
[0m20:37:25  33 of 37 OK created sql view model STAGING_ANALYTICS.mart_factor_model ......... [[32mSUCCESS 1[0m in 0.27s]
[0m20:37:25  34 of 37 OK created sql view model STAGING_ANALYTICS.mart_sector_summary ....... [[32mSUCCESS 1[0m in 0.27s]
[0m20:37:25  36 of 37 START test dbt_utils_accepted_range_mart_factor_model_one_month_return__1___1  [RUN]
[0m20:37:25  37 of 37 START test not_null_mart_factor_model_ticker .......................... [RUN]
[0m20:37:25  24 of 37 OK created sql table model STAGING_INTERMEDIATE.int_quality_factors ... [[32mSUCCESS 1[0m in 2.73s]
[0m20:37:25  37 of 37 PASS not_null_mart_factor_model_ticker ................................ [[32mPASS[0m in 0.26s]
[0m20:37:25  36 of 37 PASS dbt_utils_accepted_range_mart_factor_model_one_month_return__1___1  [[32mPASS[0m in 0.44s]
[0m20:37:27  
[0m20:37:27  Finished running 3 incremental models, 7 table models, 17 data tests, 10 view models in 0 hours 0 minutes and 11.40 seconds (11.40s).
[0m20:37:27  
[0m20:37:27  [32mCompleted successfully[0m
[0m20:37:27  
[0m20:37:27  Done. PASS=37 WARN=0 ERROR=0 SKIP=0 NO-OP=0 TOTAL=37

[32m2025-12-21 15:37:27 -0500[0m - dagster - [34mINFO[0m - dbt_job - 8f23a66f-66dc-4ca5-ad78-abc48c06354d - run_dbt_build - dbt deps + dbt build completed successfully
[32m2025-12-21 15:37:27 -0500[0m - dagster - [34mDEBUG[0m - dbt_job - 8f23a66f-66dc-4ca5-ad78-abc48c06354d - 60065 - run_dbt_build - STEP_OUTPUT - Yielded output "result" of type "Any". (Type check passed).
[32m2025-12-21 15:37:27 -0500[0m - dagster - [34mDEBUG[0m - dbt_job - 8f23a66f-66dc-4ca5-ad78-abc48c06354d - run_dbt_build - Writing file at: /Users/jamaalsmith/stockapi-analytics-platform/.tmp_dagster_home_ul9mxn_s/storage/8f23a66f-66dc-4ca5-ad78-abc48c06354d/run_dbt_build/result using PickledObjectFilesystemIOManager...
[32m2025-12-21 15:37:27 -0500[0m - dagster - [34mDEBUG[0m - dbt_job - 8f23a66f-66dc-4ca5-ad78-abc48c06354d - 60065 - run_dbt_build - HANDLED_OUTPUT - Handled output "result" using IO manager "io_manager"
[32m2025-12-21 15:37:27 -0500[0m - dagster - [34mDEBUG[0m - dbt_job - 8f23a66f-66dc-4ca5-ad78-abc48c06354d - 60065 - run_dbt_build - STEP_SUCCESS - Finished execution of step "run_dbt_build" in 14.48s.
