[32m2025-12-20 10:15:12 -0500[0m - dagster - [34mDEBUG[0m - dbt_job - 8ec72a4e-cb19-413b-95ff-aefc101c62d6 - 31826 - LOGS_CAPTURED - Started capturing logs in process (pid: 31826).
[32m2025-12-20 10:15:12 -0500[0m - dagster - [34mDEBUG[0m - dbt_job - 8ec72a4e-cb19-413b-95ff-aefc101c62d6 - 31826 - run_dbt_build - STEP_RESTARTED - Started re-execution (attempt # 3) of step "run_dbt_build".
[32m2025-12-20 10:15:12 -0500[0m - dagster - [34mERROR[0m - [31mdbt_job - 8ec72a4e-cb19-413b-95ff-aefc101c62d6 - 31826 - run_dbt_build - STEP_FAILURE - Execution of step "run_dbt_build" failed.

Exceeded max_retries of 2:

FileNotFoundError: DBT project dir not found: /home/ec2-user/dbt_stockmarketproject

Stack Trace:
  File "/Users/jamaalsmith/dagster_stock_pipeline/dagster-env/lib/python3.11/site-packages/dagster/_core/execution/plan/utils.py", line 57, in op_execution_error_boundary
    yield
  File "/Users/jamaalsmith/dagster_stock_pipeline/dagster-env/lib/python3.11/site-packages/dagster/_utils/__init__.py", line 394, in iterate_with_context
    next_output = next(iterator)
                  ^^^^^^^^^^^^^^
  File "/Users/jamaalsmith/dagster_stock_pipeline/dagster-env/lib/python3.11/site-packages/dagster/_core/execution/plan/compute_generator.py", line 135, in _coerce_op_compute_fn_to_iterator
    result = invoke_compute_fn(
             ^^^^^^^^^^^^^^^^^^
  File "/Users/jamaalsmith/dagster_stock_pipeline/dagster-env/lib/python3.11/site-packages/dagster/_core/execution/plan/compute_generator.py", line 115, in invoke_compute_fn
    return fn(context, **args_to_pass) if context_arg_provided else fn(**args_to_pass)
                                                                    ^^^^^^^^^^^^^^^^^^
  File "/Users/jamaalsmith/dagster_stock_pipeline/ops/dbt_ops.py", line 33, in run_dbt_build
    raise FileNotFoundError(f"DBT project dir not found: {DBT_PROJECT_DIR}")
[0m
