[32m2025-12-20 10:14:11 -0500[0m - dagster - [34mDEBUG[0m - dbt_job - 8ec72a4e-cb19-413b-95ff-aefc101c62d6 - 31795 - LOGS_CAPTURED - Started capturing logs in process (pid: 31795).
[32m2025-12-20 10:14:11 -0500[0m - dagster - [34mDEBUG[0m - dbt_job - 8ec72a4e-cb19-413b-95ff-aefc101c62d6 - 31795 - run_dbt_build - STEP_START - Started execution of step "run_dbt_build".
[32m2025-12-20 10:14:11 -0500[0m - dagster - [34mDEBUG[0m - dbt_job - 8ec72a4e-cb19-413b-95ff-aefc101c62d6 - 31795 - run_dbt_build - STEP_UP_FOR_RETRY - Execution of step "run_dbt_build" failed and has requested a retry in 30 seconds.

dagster._core.execution.plan.utils.RetryRequestedFromPolicy

Stack Trace:
  File "/Users/jamaalsmith/dagster_stock_pipeline/dagster-env/lib/python3.11/site-packages/dagster/_core/execution/plan/execute_plan.py", line 247, in dagster_event_sequence_for_step
    yield from check.generator(step_events)
  File "/Users/jamaalsmith/dagster_stock_pipeline/dagster-env/lib/python3.11/site-packages/dagster/_core/execution/plan/execute_step.py", line 504, in core_dagster_event_sequence_for_step
    for user_event in _step_output_error_checked_user_event_sequence(
  File "/Users/jamaalsmith/dagster_stock_pipeline/dagster-env/lib/python3.11/site-packages/dagster/_core/execution/plan/execute_step.py", line 183, in _step_output_error_checked_user_event_sequence
    for user_event in user_event_sequence:
  File "/Users/jamaalsmith/dagster_stock_pipeline/dagster-env/lib/python3.11/site-packages/dagster/_core/execution/plan/execute_step.py", line 88, in _process_asset_results_to_events
    for user_event in user_event_sequence:
  File "/Users/jamaalsmith/dagster_stock_pipeline/dagster-env/lib/python3.11/site-packages/dagster/_core/execution/plan/compute.py", line 188, in execute_core_compute
    for step_output in _yield_compute_results(step_context, inputs, compute_fn, compute_context):
  File "/Users/jamaalsmith/dagster_stock_pipeline/dagster-env/lib/python3.11/site-packages/dagster/_core/execution/plan/compute.py", line 157, in _yield_compute_results
    for event in iterate_with_context(
  File "/Users/jamaalsmith/dagster_stock_pipeline/dagster-env/lib/python3.11/site-packages/dagster/_utils/__init__.py", line 392, in iterate_with_context
    with context_fn():
  File "/Library/Frameworks/Python.framework/Versions/3.11/lib/python3.11/contextlib.py", line 158, in __exit__
    self.gen.throw(typ, value, traceback)
  File "/Users/jamaalsmith/dagster_stock_pipeline/dagster-env/lib/python3.11/site-packages/dagster/_core/execution/plan/utils.py", line 75, in op_execution_error_boundary
    raise RetryRequestedFromPolicy(

The above exception was caused by the following exception:
FileNotFoundError: DBT project dir not found: /home/ec2-user/dbt_stockmarketproject

Stack Trace:
  File "/Users/jamaalsmith/dagster_stock_pipeline/dagster-env/lib/python3.11/site-packages/dagster/_core/execution/plan/utils.py", line 57, in op_execution_error_boundary
    yield
  File "/Users/jamaalsmith/dagster_stock_pipeline/dagster-env/lib/python3.11/site-packages/dagster/_utils/__init__.py", line 394, in iterate_with_context
    next_output = next(iterator)
                  ^^^^^^^^^^^^^^
  File "/Users/jamaalsmith/dagster_stock_pipeline/dagster-env/lib/python3.11/site-packages/dagster/_core/execution/plan/compute_generator.py", line 135, in _coerce_op_compute_fn_to_iterator
    result = invoke_compute_fn(
             ^^^^^^^^^^^^^^^^^^
  File "/Users/jamaalsmith/dagster_stock_pipeline/dagster-env/lib/python3.11/site-packages/dagster/_core/execution/plan/compute_generator.py", line 115, in invoke_compute_fn
    return fn(context, **args_to_pass) if context_arg_provided else fn(**args_to_pass)
                                                                    ^^^^^^^^^^^^^^^^^^
  File "/Users/jamaalsmith/dagster_stock_pipeline/ops/dbt_ops.py", line 33, in run_dbt_build
    raise FileNotFoundError(f"DBT project dir not found: {DBT_PROJECT_DIR}")

